<?xml version="1.0" encoding="UTF-8"?>
<!-- Generated by org.testng.reporters.JUnitXMLReporter -->
<testsuite hostname="Zeng" name="Test" tests="16" failures="3" timestamp="13 Jun 2014 07:19:47 GMT" time="237.816" errors="0">
  <testcase name="@BeforeMethod setUp" time="0.0" classname="selenium_Test.RegisterTest">
    <failure type="org.openqa.selenium.WebDriverException" message="Failed to connect to binary FirefoxBinary(D:\firefox\firefox.exe) on port 7055; process output follows: 
@fiddler2.com&amp;quot;:{&amp;quot;descriptor&amp;quot;:&amp;quot;D:\\Fiddler2\\FiddlerHook&amp;quot;,&amp;quot;mtime&amp;quot;:1395516244381,&amp;quot;rdfTime&amp;quot;:1391542948000}}},{&amp;quot;name&amp;quot;:&amp;quot;app-global&amp;quot;,&amp;quot;addons&amp;quot;:{&amp;quot;{972ce4c6-7e08-4474-a285-3208198ce6fd}&amp;quot;:{&amp;quot;descriptor&amp;quot;:&amp;quot;D:\\firefox\\browser\\extensions\\{972ce4c6-7e08-4474-a285-3208198ce6fd}&amp;quot;,&amp;quot;mtime&amp;quot;:1400239359511,&amp;quot;rdfTime&amp;quot;:1399421153000}}},{&amp;quot;name&amp;quot;:&amp;quot;app-profile&amp;quot;,&amp;quot;addons&amp;quot;:{&amp;quot;account@mozillaonline.com&amp;quot;:{&amp;quot;descriptor&amp;quot;:&amp;quot;C:\\Users\\ZengYang\\AppData\\Local\\Temp\\anonymous1707486183708096046webdriver-profile\\extensions\\account@mozillaonline.com.xpi&amp;quot;,&amp;quot;mtime&amp;quot;:1402643937996},&amp;quot;cehomepage@mozillaonline.com&amp;quot;:{&amp;quot;descriptor&amp;quot;:&amp;quot;C:\\Users\\ZengYang\\AppData\\Local\\Temp\\anonymous1707486183708096046webdriver-profile\\extensions\\cehomepage@mozillaonline.com&amp;quot;,&amp;quot;mtime&amp;quot;:1402643938101,&amp;quot;rdfTime&amp;quot;:1399438880000},&amp;quot;cemigration@mozillaonline.com&amp;quot;:{&amp;quot;descriptor&amp;quot;:&amp;quot;C:\\Users\\ZengYang\\AppData\\Local\\Temp\\anonymous1707486183708096046webdriver-profile\\extensions\\cemigration@mozillaonline.com.xpi&amp;quot;,&amp;quot;mtime&amp;quot;:1402643938109},&amp;quot;coba@mozilla.com.cn&amp;quot;:{&amp;quot;descriptor&amp;quot;:&amp;quot;C:\\Users\\ZengYang\\AppData\\Local\\Temp\\anonymous1707486183708096046webdriver-profile\\extensions\\coba@mozilla.com.cn&amp;quot;,&amp;quot;mtime&amp;quot;:1402643938181,&amp;quot;rdfTime&amp;quot;:1398316468000},&amp;quot;commonfix@mozillaonline.com&amp;quot;:{&amp;quot;descriptor&amp;quot;:&amp;quot;C:\\Users\\ZengYang\\AppData\\Local\\Temp\\anonymous1707486183708096046webdriver-profile\\extensions\\commonfix@mozillaonline.com.xpi&amp;quot;,&amp;quot;mtime&amp;quot;:1402643938189},&amp;quot;cpmanager@mozillaonline.com&amp;quot;:{&amp;quot;descriptor&amp;quot;:&amp;quot;C:\\Users\\ZengYang\\AppData\\Local\\Temp\\anonymous1707486183708096046webdriver-profile\\extensions\\cpmanager@mozillaonline.com&amp;quot;,&amp;quot;mtime&amp;quot;:1402643938426,&amp;quot;rdfTime&amp;quot;:1398321802000},&amp;quot;easyscreenshot@mozillaonline.com&amp;quot;:{&amp;quot;descriptor&amp;quot;:&amp;quot;C:\\Users\\ZengYang\\AppData\\Local\\Temp\\anonymous1707486183708096046webdriver-profile\\extensions\\easyscreenshot@mozillaonline.com.xpi&amp;quot;,&amp;quot;mtime&amp;quot;:1402643938433},&amp;quot;fxdriver@googlecode.com&amp;quot;:{&amp;quot;descriptor&amp;quot;:&amp;quot;C:\\Users\\ZengYang\\AppData\\Local\\Temp\\anonymous1707486183708096046webdriver-profile\\extensions\\fxdriver@googlecode.com&amp;quot;,&amp;quot;mtime&amp;quot;:1402643937539,&amp;quot;rdfTime&amp;quot;:1402643937508},&amp;quot;semodifier@mozillaonline.com&amp;quot;:{&amp;quot;descriptor&amp;quot;:&amp;quot;C:\\Users\\ZengYang\\AppData\\Local\\Temp\\anonymous1707486183708096046webdriver-profile\\extensions\\semodifier@mozillaonline.com.xpi&amp;quot;,&amp;quot;mtime&amp;quot;:1402643938438},&amp;quot;tabimprovelite@mozillaonline.com&amp;quot;:{&amp;quot;descriptor&amp;quot;:&amp;quot;C:\\Users\\ZengYang\\AppData\\Local\\Temp\\anonymous1707486183708096046webdriver-profile\\extensions\\tabimprovelite@mozillaonline.com.xpi&amp;quot;,&amp;quot;mtime&amp;quot;:1402643938445},&amp;quot;wx-assistant@mozillaonline.com&amp;quot;:{&amp;quot;descriptor&amp;quot;:&amp;quot;C:\\Users\\ZengYang\\AppData\\Local\\Temp\\anonymous1707486183708096046webdriver-profile\\extensions\\wx-assistant@mozillaonline.com.xpi&amp;quot;,&amp;quot;mtime&amp;quot;:1402643938451}}}]
*** LOG addons.xpi-utils: Opening XPI database C:\Users\ZengYang\AppData\Local\Temp\anonymous1707486183708096046webdriver-profile\extensions.json
*** LOG addons.xpi-utils: Successfully read XPI database
*** LOG addons.xpi: No changes found
*** Blocklist::_loadBlocklistFromFile: blocklist is disabled
************************************************************
* Call to xpconnect wrapped JSObject produced this error:  *
[Exception... &amp;quot;Component returned failure code: 0x80004005 (NS_ERROR_FAILURE) [nsIIdleService.removeIdleObserver]&amp;quot;  nsresult: &amp;quot;0x80004005 (NS_ERROR_FAILURE)&amp;quot;  location: &amp;quot;JS frame :: resource://app/components/nsBrowserGlue.js :: BG__onPlacesShutdown :: line 1222&amp;quot;  data: no]
************************************************************
************************************************************
* Call to xpconnect wrapped JSObject produced this error:  *
[Exception... &amp;quot;Component returned failure code: 0x80004005 (NS_ERROR_FAILURE) [nsIIdleService.removeIdleObserver]&amp;quot;  nsresult: &amp;quot;0x80004005 (NS_ERROR_FAILURE)&amp;quot;  location: &amp;quot;JS frame :: resource://app/components/nsBrowserGlue.js :: BG__dispose :: line 418&amp;quot;  data: no]
************************************************************
*** LOG addons.manager: shutdown
*** LOG addons.xpi: shutdown
*** LOG addons.xpi-utils: shutdown
*** LOG addons.xpi: Notifying XPI shutdown observers
*** LOG addons.manager: Async provider shutdown done

Build info: version: &amp;apos;2.41.0&amp;apos;, revision: &amp;apos;3192d8a&amp;apos;, time: &amp;apos;2014-03-27 17:17:32&amp;apos;
System info: host: &amp;apos;Zeng&amp;apos;, ip: &amp;apos;221.239.197.2&amp;apos;, os.name: &amp;apos;Windows 8&amp;apos;, os.arch: &amp;apos;amd64&amp;apos;, os.version: &amp;apos;6.2&amp;apos;, java.version: &amp;apos;1.7.0_45&amp;apos;
Driver info: driver.version: FirefoxDriver">
      <![CDATA[org.openqa.selenium.WebDriverException: Failed to connect to binary FirefoxBinary(D:\firefox\firefox.exe) on port 7055; process output follows: 
@fiddler2.com":{"descriptor":"D:\\Fiddler2\\FiddlerHook","mtime":1395516244381,"rdfTime":1391542948000}}},{"name":"app-global","addons":{"{972ce4c6-7e08-4474-a285-3208198ce6fd}":{"descriptor":"D:\\firefox\\browser\\extensions\\{972ce4c6-7e08-4474-a285-3208198ce6fd}","mtime":1400239359511,"rdfTime":1399421153000}}},{"name":"app-profile","addons":{"account@mozillaonline.com":{"descriptor":"C:\\Users\\ZengYang\\AppData\\Local\\Temp\\anonymous1707486183708096046webdriver-profile\\extensions\\account@mozillaonline.com.xpi","mtime":1402643937996},"cehomepage@mozillaonline.com":{"descriptor":"C:\\Users\\ZengYang\\AppData\\Local\\Temp\\anonymous1707486183708096046webdriver-profile\\extensions\\cehomepage@mozillaonline.com","mtime":1402643938101,"rdfTime":1399438880000},"cemigration@mozillaonline.com":{"descriptor":"C:\\Users\\ZengYang\\AppData\\Local\\Temp\\anonymous1707486183708096046webdriver-profile\\extensions\\cemigration@mozillaonline.com.xpi","mtime":1402643938109},"coba@mozilla.com.cn":{"descriptor":"C:\\Users\\ZengYang\\AppData\\Local\\Temp\\anonymous1707486183708096046webdriver-profile\\extensions\\coba@mozilla.com.cn","mtime":1402643938181,"rdfTime":1398316468000},"commonfix@mozillaonline.com":{"descriptor":"C:\\Users\\ZengYang\\AppData\\Local\\Temp\\anonymous1707486183708096046webdriver-profile\\extensions\\commonfix@mozillaonline.com.xpi","mtime":1402643938189},"cpmanager@mozillaonline.com":{"descriptor":"C:\\Users\\ZengYang\\AppData\\Local\\Temp\\anonymous1707486183708096046webdriver-profile\\extensions\\cpmanager@mozillaonline.com","mtime":1402643938426,"rdfTime":1398321802000},"easyscreenshot@mozillaonline.com":{"descriptor":"C:\\Users\\ZengYang\\AppData\\Local\\Temp\\anonymous1707486183708096046webdriver-profile\\extensions\\easyscreenshot@mozillaonline.com.xpi","mtime":1402643938433},"fxdriver@googlecode.com":{"descriptor":"C:\\Users\\ZengYang\\AppData\\Local\\Temp\\anonymous1707486183708096046webdriver-profile\\extensions\\fxdriver@googlecode.com","mtime":1402643937539,"rdfTime":1402643937508},"semodifier@mozillaonline.com":{"descriptor":"C:\\Users\\ZengYang\\AppData\\Local\\Temp\\anonymous1707486183708096046webdriver-profile\\extensions\\semodifier@mozillaonline.com.xpi","mtime":1402643938438},"tabimprovelite@mozillaonline.com":{"descriptor":"C:\\Users\\ZengYang\\AppData\\Local\\Temp\\anonymous1707486183708096046webdriver-profile\\extensions\\tabimprovelite@mozillaonline.com.xpi","mtime":1402643938445},"wx-assistant@mozillaonline.com":{"descriptor":"C:\\Users\\ZengYang\\AppData\\Local\\Temp\\anonymous1707486183708096046webdriver-profile\\extensions\\wx-assistant@mozillaonline.com.xpi","mtime":1402643938451}}}]
*** LOG addons.xpi-utils: Opening XPI database C:\Users\ZengYang\AppData\Local\Temp\anonymous1707486183708096046webdriver-profile\extensions.json
*** LOG addons.xpi-utils: Successfully read XPI database
*** LOG addons.xpi: No changes found
*** Blocklist::_loadBlocklistFromFile: blocklist is disabled
************************************************************
* Call to xpconnect wrapped JSObject produced this error:  *
[Exception... "Component returned failure code: 0x80004005 (NS_ERROR_FAILURE) [nsIIdleService.removeIdleObserver]"  nsresult: "0x80004005 (NS_ERROR_FAILURE)"  location: "JS frame :: resource://app/components/nsBrowserGlue.js :: BG__onPlacesShutdown :: line 1222"  data: no]
************************************************************
************************************************************
* Call to xpconnect wrapped JSObject produced this error:  *
[Exception... "Component returned failure code: 0x80004005 (NS_ERROR_FAILURE) [nsIIdleService.removeIdleObserver]"  nsresult: "0x80004005 (NS_ERROR_FAILURE)"  location: "JS frame :: resource://app/components/nsBrowserGlue.js :: BG__dispose :: line 418"  data: no]
************************************************************
*** LOG addons.manager: shutdown
*** LOG addons.xpi: shutdown
*** LOG addons.xpi-utils: shutdown
*** LOG addons.xpi: Notifying XPI shutdown observers
*** LOG addons.manager: Async provider shutdown done

Build info: version: '2.41.0', revision: '3192d8a', time: '2014-03-27 17:17:32'
System info: host: 'Zeng', ip: '221.239.197.2', os.name: 'Windows 8', os.arch: 'amd64', os.version: '6.2', java.version: '1.7.0_45'
Driver info: driver.version: FirefoxDriver
	at org.openqa.selenium.firefox.internal.NewProfileExtensionConnection.start(NewProfileExtensionConnection.java:130)
	at org.openqa.selenium.firefox.FirefoxDriver.startClient(FirefoxDriver.java:246)
	at org.openqa.selenium.remote.RemoteWebDriver.<init>(RemoteWebDriver.java:114)
	at org.openqa.selenium.firefox.FirefoxDriver.<init>(FirefoxDriver.java:193)
	at org.openqa.selenium.firefox.FirefoxDriver.<init>(FirefoxDriver.java:186)
	at org.openqa.selenium.firefox.FirefoxDriver.<init>(FirefoxDriver.java:182)
	at org.openqa.selenium.firefox.FirefoxDriver.<init>(FirefoxDriver.java:95)
	at test_utils.WebDriverFactory.getFirefoxDriver(WebDriverFactory.java:39)
	at selenium_Test.RegisterTest.setUp(RegisterTest.java:37)
Caused by: org.openqa.selenium.firefox.NotConnectedException: Unable to connect to host 127.0.0.1 on port 7055 after 45000 ms. Firefox console output:
@fiddler2.com":{"descriptor":"D:\\Fiddler2\\FiddlerHook","mtime":1395516244381,"rdfTime":1391542948000}}},{"name":"app-global","addons":{"{972ce4c6-7e08-4474-a285-3208198ce6fd}":{"descriptor":"D:\\firefox\\browser\\extensions\\{972ce4c6-7e08-4474-a285-3208198ce6fd}","mtime":1400239359511,"rdfTime":1399421153000}}},{"name":"app-profile","addons":{"account@mozillaonline.com":{"descriptor":"C:\\Users\\ZengYang\\AppData\\Local\\Temp\\anonymous1707486183708096046webdriver-profile\\extensions\\account@mozillaonline.com.xpi","mtime":1402643937996},"cehomepage@mozillaonline.com":{"descriptor":"C:\\Users\\ZengYang\\AppData\\Local\\Temp\\anonymous1707486183708096046webdriver-profile\\extensions\\cehomepage@mozillaonline.com","mtime":1402643938101,"rdfTime":1399438880000},"cemigration@mozillaonline.com":{"descriptor":"C:\\Users\\ZengYang\\AppData\\Local\\Temp\\anonymous1707486183708096046webdriver-profile\\extensions\\cemigration@mozillaonline.com.xpi","mtime":1402643938109},"coba@mozilla.com.cn":{"descriptor":"C:\\Users\\ZengYang\\AppData\\Local\\Temp\\anonymous1707486183708096046webdriver-profile\\extensions\\coba@mozilla.com.cn","mtime":1402643938181,"rdfTime":1398316468000},"commonfix@mozillaonline.com":{"descriptor":"C:\\Users\\ZengYang\\AppData\\Local\\Temp\\anonymous1707486183708096046webdriver-profile\\extensions\\commonfix@mozillaonline.com.xpi","mtime":1402643938189},"cpmanager@mozillaonline.com":{"descriptor":"C:\\Users\\ZengYang\\AppData\\Local\\Temp\\anonymous1707486183708096046webdriver-profile\\extensions\\cpmanager@mozillaonline.com","mtime":1402643938426,"rdfTime":1398321802000},"easyscreenshot@mozillaonline.com":{"descriptor":"C:\\Users\\ZengYang\\AppData\\Local\\Temp\\anonymous1707486183708096046webdriver-profile\\extensions\\easyscreenshot@mozillaonline.com.xpi","mtime":1402643938433},"fxdriver@googlecode.com":{"descriptor":"C:\\Users\\ZengYang\\AppData\\Local\\Temp\\anonymous1707486183708096046webdriver-profile\\extensions\\fxdriver@googlecode.com","mtime":1402643937539,"rdfTime":1402643937508},"semodifier@mozillaonline.com":{"descriptor":"C:\\Users\\ZengYang\\AppData\\Local\\Temp\\anonymous1707486183708096046webdriver-profile\\extensions\\semodifier@mozillaonline.com.xpi","mtime":1402643938438},"tabimprovelite@mozillaonline.com":{"descriptor":"C:\\Users\\ZengYang\\AppData\\Local\\Temp\\anonymous1707486183708096046webdriver-profile\\extensions\\tabimprovelite@mozillaonline.com.xpi","mtime":1402643938445},"wx-assistant@mozillaonline.com":{"descriptor":"C:\\Users\\ZengYang\\AppData\\Local\\Temp\\anonymous1707486183708096046webdriver-profile\\extensions\\wx-assistant@mozillaonline.com.xpi","mtime":1402643938451}}}]
*** LOG addons.xpi-utils: Opening XPI database C:\Users\ZengYang\AppData\Local\Temp\anonymous1707486183708096046webdriver-profile\extensions.json
*** LOG addons.xpi-utils: Successfully read XPI database
*** LOG addons.xpi: No changes found
*** Blocklist::_loadBlocklistFromFile: blocklist is disabled
************************************************************
* Call to xpconnect wrapped JSObject produced this error:  *
[Exception... "Component returned failure code: 0x80004005 (NS_ERROR_FAILURE) [nsIIdleService.removeIdleObserver]"  nsresult: "0x80004005 (NS_ERROR_FAILURE)"  location: "JS frame :: resource://app/components/nsBrowserGlue.js :: BG__onPlacesShutdown :: line 1222"  data: no]
************************************************************
************************************************************
* Call to xpconnect wrapped JSObject produced this error:  *
[Exception... "Component returned failure code: 0x80004005 (NS_ERROR_FAILURE) [nsIIdleService.removeIdleObserver]"  nsresult: "0x80004005 (NS_ERROR_FAILURE)"  location: "JS frame :: resource://app/components/nsBrowserGlue.js :: BG__dispose :: line 418"  data: no]
************************************************************
*** LOG addons.manager: shutdown
*** LOG addons.xpi: shutdown
*** LOG addons.xpi-utils: shutdown
*** LOG addons.xpi: Notifying XPI shutdown observers
*** LOG addons.manager: Async provider shutdown done

	at org.openqa.selenium.firefox.internal.NewProfileExtensionConnection.start(NewProfileExtensionConnection.java:118)
	... 34 more
... Removed 26 stack frames]]>
    </failure>
  </testcase> <!-- @BeforeMethod setUp -->
  <testcase name="@AfterMethod tearDown" time="0.0" classname="selenium_Test.RegisterTest">
    <skipped/>
  </testcase> <!-- @AfterMethod tearDown -->
  <testcase name="@BeforeMethod setUp" time="0.0" classname="selenium_Test.RegisterTest">
    <skipped/>
  </testcase> <!-- @BeforeMethod setUp -->
  <testcase name="@AfterMethod tearDown" time="0.0" classname="selenium_Test.RegisterTest">
    <skipped/>
  </testcase> <!-- @AfterMethod tearDown -->
  <testcase name="@BeforeMethod setUp" time="0.0" classname="selenium_Test.RegisterTest">
    <skipped/>
  </testcase> <!-- @BeforeMethod setUp -->
  <testcase name="@AfterMethod tearDown" time="0.0" classname="selenium_Test.RegisterTest">
    <skipped/>
  </testcase> <!-- @AfterMethod tearDown -->
  <testcase name="@BeforeMethod setUp" time="0.0" classname="selenium_Test.RegisterTest">
    <skipped/>
  </testcase> <!-- @BeforeMethod setUp -->
  <testcase name="@AfterMethod tearDown" time="0.0" classname="selenium_Test.RegisterTest">
    <skipped/>
  </testcase> <!-- @AfterMethod tearDown -->
  <testcase name="@BeforeMethod setUp" time="0.0" classname="selenium_Test.RegisterTest">
    <skipped/>
  </testcase> <!-- @BeforeMethod setUp -->
  <testcase name="@AfterMethod tearDown" time="0.0" classname="selenium_Test.RegisterTest">
    <skipped/>
  </testcase> <!-- @AfterMethod tearDown -->
  <testcase name="@BeforeMethod setUp" time="0.0" classname="selenium_Test.RegisterTest">
    <skipped/>
  </testcase> <!-- @BeforeMethod setUp -->
  <testcase name="@AfterMethod tearDown" time="0.0" classname="selenium_Test.RegisterTest">
    <skipped/>
  </testcase> <!-- @AfterMethod tearDown -->
  <testcase name="@BeforeMethod setUp" time="0.0" classname="selenium_Test.RegisterTest">
    <skipped/>
  </testcase> <!-- @BeforeMethod setUp -->
  <testcase name="@AfterMethod tearDown" time="0.0" classname="selenium_Test.RegisterTest">
    <skipped/>
  </testcase> <!-- @AfterMethod tearDown -->
  <testcase name="@BeforeMethod setUp" time="0.0" classname="selenium_Test.RegisterTest">
    <skipped/>
  </testcase> <!-- @BeforeMethod setUp -->
  <testcase name="@AfterMethod tearDown" time="0.0" classname="selenium_Test.RegisterTest">
    <skipped/>
  </testcase> <!-- @AfterMethod tearDown -->
  <testcase name="@BeforeMethod setUp" time="0.0" classname="selenium_Test.RegisterTest">
    <skipped/>
  </testcase> <!-- @BeforeMethod setUp -->
  <testcase name="@AfterMethod tearDown" time="0.0" classname="selenium_Test.RegisterTest">
    <skipped/>
  </testcase> <!-- @AfterMethod tearDown -->
  <testcase name="@BeforeMethod setUp" time="0.0" classname="selenium_Test.RegisterTest">
    <skipped/>
  </testcase> <!-- @BeforeMethod setUp -->
  <testcase name="@AfterMethod tearDown" time="0.0" classname="selenium_Test.RegisterTest">
    <skipped/>
  </testcase> <!-- @AfterMethod tearDown -->
  <testcase name="@BeforeMethod setUp" time="0.0" classname="selenium_Test.RegisterTest">
    <skipped/>
  </testcase> <!-- @BeforeMethod setUp -->
  <testcase name="@AfterMethod tearDown" time="0.0" classname="selenium_Test.RegisterTest">
    <skipped/>
  </testcase> <!-- @AfterMethod tearDown -->
  <testcase name="test1" time="35.55" classname="selenium_Test.RegisterTest">
    <failure type="org.openqa.selenium.NoSuchElementException" message="Unable to locate element: {&amp;quot;method&amp;quot;:&amp;quot;id&amp;quot;,&amp;quot;selector&amp;quot;:&amp;quot;mynickname&amp;quot;}
Command duration or timeout: 30.07 seconds
For documentation on this error, please visit: http://seleniumhq.org/exceptions/no_such_element.html
Build info: version: &amp;apos;2.41.0&amp;apos;, revision: &amp;apos;3192d8a&amp;apos;, time: &amp;apos;2014-03-27 17:17:32&amp;apos;
System info: host: &amp;apos;Zeng&amp;apos;, ip: &amp;apos;221.239.197.2&amp;apos;, os.name: &amp;apos;Windows 8&amp;apos;, os.arch: &amp;apos;amd64&amp;apos;, os.version: &amp;apos;6.2&amp;apos;, java.version: &amp;apos;1.7.0_45&amp;apos;
Session ID: 6868aa17-cc8f-4b5f-a0e3-4b359f9c8dec
Driver info: org.openqa.selenium.firefox.FirefoxDriver
Capabilities [{platform=XP, acceptSslCerts=true, javascriptEnabled=true, cssSelectorsEnabled=true, databaseEnabled=true, browserName=firefox, handlesAlerts=true, browserConnectionEnabled=true, webStorageEnabled=true, nativeEvents=false, rotatable=false, locationContextEnabled=true, applicationCacheEnabled=true, takesScreenshot=true, version=29.0.1}]">
      <![CDATA[org.openqa.selenium.NoSuchElementException: Unable to locate element: {"method":"id","selector":"mynickname"}
Command duration or timeout: 30.07 seconds
For documentation on this error, please visit: http://seleniumhq.org/exceptions/no_such_element.html
Build info: version: '2.41.0', revision: '3192d8a', time: '2014-03-27 17:17:32'
System info: host: 'Zeng', ip: '221.239.197.2', os.name: 'Windows 8', os.arch: 'amd64', os.version: '6.2', java.version: '1.7.0_45'
Session ID: 6868aa17-cc8f-4b5f-a0e3-4b359f9c8dec
Driver info: org.openqa.selenium.firefox.FirefoxDriver
Capabilities [{platform=XP, acceptSslCerts=true, javascriptEnabled=true, cssSelectorsEnabled=true, databaseEnabled=true, browserName=firefox, handlesAlerts=true, browserConnectionEnabled=true, webStorageEnabled=true, nativeEvents=false, rotatable=false, locationContextEnabled=true, applicationCacheEnabled=true, takesScreenshot=true, version=29.0.1}]
	at org.openqa.selenium.remote.ErrorHandler.createThrowable(ErrorHandler.java:193)
	at org.openqa.selenium.remote.ErrorHandler.throwIfResponseFailed(ErrorHandler.java:145)
	at org.openqa.selenium.remote.RemoteWebDriver.execute(RemoteWebDriver.java:595)
	at org.openqa.selenium.remote.RemoteWebDriver.findElement(RemoteWebDriver.java:348)
	at org.openqa.selenium.remote.RemoteWebDriver.findElementById(RemoteWebDriver.java:389)
	at org.openqa.selenium.By$ById.findElement(By.java:214)
	at org.openqa.selenium.remote.RemoteWebDriver.findElement(RemoteWebDriver.java:340)
	at test_utils.AutoObjectFactory.fetchWebElement(AutoObjectFactory.java:68)
	at selenium_Test.RegisterTest.test1(RegisterTest.java:77)
Caused by: org.openqa.selenium.remote.ErrorHandler$UnknownServerException: Unable to locate element: {"method":"id","selector":"mynickname"}
Build info: version: '2.41.0', revision: '3192d8a', time: '2014-03-27 17:17:32'
System info: host: 'Zeng', ip: '221.239.197.2', os.name: 'Windows 8', os.arch: 'amd64', os.version: '6.2', java.version: '1.7.0_45'
Driver info: driver.version: unknown
	at <anonymous class>.FirefoxDriver.prototype.findElementInternal_(file:///C:/Users/ZengYang/AppData/Local/Temp/anonymous6192788485877923537webdriver-profile/extensions/fxdriver@googlecode.com/components/driver_component.js:8905)
	at <anonymous class>.fxdriver.Timer.prototype.setTimeout/<.notify(file:///C:/Users/ZengYang/AppData/Local/Temp/anonymous6192788485877923537webdriver-profile/extensions/fxdriver@googlecode.com/components/driver_component.js:396)
... Removed 28 stack frames]]>
    </failure>
  </testcase> <!-- test1 -->
  <testcase name="test1" time="48.613" classname="selenium_Test.RegisterTest"/>
  <testcase name="test1" time="27.364" classname="selenium_Test.RegisterTest">
    <failure type="java.lang.AssertionError" message="expected [] but found [用户名已存在]">
      <![CDATA[java.lang.AssertionError: expected [] but found [用户名已存在]
	at selenium_Test.RegisterTest.test1(RegisterTest.java:85)
... Removed 29 stack frames]]>
    </failure>
  </testcase> <!-- test1 -->
  <testcase name="test1" time="11.22" classname="selenium_Test.RegisterTest"/>
  <testcase name="test1" time="5.469" classname="selenium_Test.RegisterTest">
    <failure type="java.lang.AssertionError" message="expected [] but found [用户名已存在]">
      <![CDATA[java.lang.AssertionError: expected [] but found [用户名已存在]
	at selenium_Test.RegisterTest.test1(RegisterTest.java:85)
... Removed 29 stack frames]]>
    </failure>
  </testcase> <!-- test1 -->
  <testcase name="test1" time="0.0" classname="selenium_Test.RegisterTest">
    <skipped/>
  </testcase> <!-- test1 -->
  <testcase name="test1" time="0.0" classname="selenium_Test.RegisterTest">
    <skipped/>
  </testcase> <!-- test1 -->
  <testcase name="test1" time="0.0" classname="selenium_Test.RegisterTest">
    <skipped/>
  </testcase> <!-- test1 -->
  <testcase name="test1" time="0.0" classname="selenium_Test.RegisterTest">
    <skipped/>
  </testcase> <!-- test1 -->
  <testcase name="test1" time="0.0" classname="selenium_Test.RegisterTest">
    <skipped/>
  </testcase> <!-- test1 -->
  <testcase name="test1" time="0.0" classname="selenium_Test.RegisterTest">
    <skipped/>
  </testcase> <!-- test1 -->
  <testcase name="test1" time="0.0" classname="selenium_Test.RegisterTest">
    <skipped/>
  </testcase> <!-- test1 -->
  <testcase name="test1" time="0.0" classname="selenium_Test.RegisterTest">
    <skipped/>
  </testcase> <!-- test1 -->
  <testcase name="test1" time="0.0" classname="selenium_Test.RegisterTest">
    <skipped/>
  </testcase> <!-- test1 -->
  <testcase name="test1" time="0.0" classname="selenium_Test.RegisterTest">
    <skipped/>
  </testcase> <!-- test1 -->
  <testcase name="test1" time="0.0" classname="selenium_Test.RegisterTest">
    <skipped/>
  </testcase> <!-- test1 -->
</testsuite> <!-- Test -->
